Determining if the pthread_create exist failed with the following output:
Change Dir: /home/alphaics/catkin_ws/install/build/CMakeFiles/CMakeTmp

Run Build Command:"/usr/bin/make" "cmTC_91eaa/fast"
/usr/bin/make -f CMakeFiles/cmTC_91eaa.dir/build.make CMakeFiles/cmTC_91eaa.dir/build
make[1]: Entering directory '/home/alphaics/catkin_ws/install/build/CMakeFiles/CMakeTmp'
Building C object CMakeFiles/cmTC_91eaa.dir/CheckSymbolExists.c.o
/usr/bin/cc    -o CMakeFiles/cmTC_91eaa.dir/CheckSymbolExists.c.o   -c /home/alphaics/catkin_ws/install/build/CMakeFiles/CMakeTmp/CheckSymbolExists.c
Linking C executable cmTC_91eaa
/usr/bin/cmake -E cmake_link_script CMakeFiles/cmTC_91eaa.dir/link.txt --verbose=1
/usr/bin/cc      -rdynamic CMakeFiles/cmTC_91eaa.dir/CheckSymbolExists.c.o  -o cmTC_91eaa 
CMakeFiles/cmTC_91eaa.dir/CheckSymbolExists.c.o: In function `main':
CheckSymbolExists.c:(.text+0x1b): undefined reference to `pthread_create'
collect2: error: ld returned 1 exit status
CMakeFiles/cmTC_91eaa.dir/build.make:97: recipe for target 'cmTC_91eaa' failed
make[1]: *** [cmTC_91eaa] Error 1
make[1]: Leaving directory '/home/alphaics/catkin_ws/install/build/CMakeFiles/CMakeTmp'
Makefile:126: recipe for target 'cmTC_91eaa/fast' failed
make: *** [cmTC_91eaa/fast] Error 2

File /home/alphaics/catkin_ws/install/build/CMakeFiles/CMakeTmp/CheckSymbolExists.c:
/* */
#include <pthread.h>

int main(int argc, char** argv)
{
  (void)argv;
#ifndef pthread_create
  return ((int*)(&pthread_create))[argc];
#else
  (void)argc;
  return 0;
#endif
}

Determining if the function pthread_create exists in the pthreads failed with the following output:
Change Dir: /home/alphaics/catkin_ws/install/build/CMakeFiles/CMakeTmp

Run Build Command:"/usr/bin/make" "cmTC_03201/fast"
/usr/bin/make -f CMakeFiles/cmTC_03201.dir/build.make CMakeFiles/cmTC_03201.dir/build
make[1]: Entering directory '/home/alphaics/catkin_ws/install/build/CMakeFiles/CMakeTmp'
Building C object CMakeFiles/cmTC_03201.dir/CheckFunctionExists.c.o
/usr/bin/cc   -DCHECK_FUNCTION_EXISTS=pthread_create   -o CMakeFiles/cmTC_03201.dir/CheckFunctionExists.c.o   -c /usr/share/cmake-3.10/Modules/CheckFunctionExists.c
Linking C executable cmTC_03201
/usr/bin/cmake -E cmake_link_script CMakeFiles/cmTC_03201.dir/link.txt --verbose=1
/usr/bin/cc  -DCHECK_FUNCTION_EXISTS=pthread_create    -rdynamic CMakeFiles/cmTC_03201.dir/CheckFunctionExists.c.o  -o cmTC_03201 -lpthreads 
/usr/bin/ld: cannot find -lpthreads
collect2: error: ld returned 1 exit status
CMakeFiles/cmTC_03201.dir/build.make:97: recipe for target 'cmTC_03201' failed
make[1]: *** [cmTC_03201] Error 1
make[1]: Leaving directory '/home/alphaics/catkin_ws/install/build/CMakeFiles/CMakeTmp'
Makefile:126: recipe for target 'cmTC_03201/fast' failed
make: *** [cmTC_03201/fast] Error 2


