Determining if the pthread_create exist failed with the following output:
Change Dir: /home/alphaics/catkin_ws/build/CMakeFiles/CMakeTmp

Run Build Command:"/usr/bin/make" "cmTC_3cc81/fast"
/usr/bin/make -f CMakeFiles/cmTC_3cc81.dir/build.make CMakeFiles/cmTC_3cc81.dir/build
make[1]: Entering directory '/home/alphaics/catkin_ws/build/CMakeFiles/CMakeTmp'
Building C object CMakeFiles/cmTC_3cc81.dir/CheckSymbolExists.c.o
/usr/bin/cc    -o CMakeFiles/cmTC_3cc81.dir/CheckSymbolExists.c.o   -c /home/alphaics/catkin_ws/build/CMakeFiles/CMakeTmp/CheckSymbolExists.c
Linking C executable cmTC_3cc81
/usr/bin/cmake -E cmake_link_script CMakeFiles/cmTC_3cc81.dir/link.txt --verbose=1
/usr/bin/cc      -rdynamic CMakeFiles/cmTC_3cc81.dir/CheckSymbolExists.c.o  -o cmTC_3cc81 
CMakeFiles/cmTC_3cc81.dir/CheckSymbolExists.c.o: In function `main':
CheckSymbolExists.c:(.text+0x1b): undefined reference to `pthread_create'
collect2: error: ld returned 1 exit status
CMakeFiles/cmTC_3cc81.dir/build.make:97: recipe for target 'cmTC_3cc81' failed
make[1]: *** [cmTC_3cc81] Error 1
make[1]: Leaving directory '/home/alphaics/catkin_ws/build/CMakeFiles/CMakeTmp'
Makefile:126: recipe for target 'cmTC_3cc81/fast' failed
make: *** [cmTC_3cc81/fast] Error 2

File /home/alphaics/catkin_ws/build/CMakeFiles/CMakeTmp/CheckSymbolExists.c:
/* */
#include <pthread.h>

int main(int argc, char** argv)
{
  (void)argv;
#ifndef pthread_create
  return ((int*)(&pthread_create))[argc];
#else
  (void)argc;
  return 0;
#endif
}

Determining if the function pthread_create exists in the pthreads failed with the following output:
Change Dir: /home/alphaics/catkin_ws/build/CMakeFiles/CMakeTmp

Run Build Command:"/usr/bin/make" "cmTC_c9e8b/fast"
/usr/bin/make -f CMakeFiles/cmTC_c9e8b.dir/build.make CMakeFiles/cmTC_c9e8b.dir/build
make[1]: Entering directory '/home/alphaics/catkin_ws/build/CMakeFiles/CMakeTmp'
Building C object CMakeFiles/cmTC_c9e8b.dir/CheckFunctionExists.c.o
/usr/bin/cc   -DCHECK_FUNCTION_EXISTS=pthread_create   -o CMakeFiles/cmTC_c9e8b.dir/CheckFunctionExists.c.o   -c /usr/share/cmake-3.10/Modules/CheckFunctionExists.c
Linking C executable cmTC_c9e8b
/usr/bin/cmake -E cmake_link_script CMakeFiles/cmTC_c9e8b.dir/link.txt --verbose=1
/usr/bin/cc  -DCHECK_FUNCTION_EXISTS=pthread_create    -rdynamic CMakeFiles/cmTC_c9e8b.dir/CheckFunctionExists.c.o  -o cmTC_c9e8b -lpthreads 
/usr/bin/ld: cannot find -lpthreads
collect2: error: ld returned 1 exit status
CMakeFiles/cmTC_c9e8b.dir/build.make:97: recipe for target 'cmTC_c9e8b' failed
make[1]: *** [cmTC_c9e8b] Error 1
make[1]: Leaving directory '/home/alphaics/catkin_ws/build/CMakeFiles/CMakeTmp'
Makefile:126: recipe for target 'cmTC_c9e8b/fast' failed
make: *** [cmTC_c9e8b/fast] Error 2


