Determining if the pthread_create exist failed with the following output:
Change Dir: /home/alphaics/catkin_ws/build_isolated/beginner_tutorials/CMakeFiles/CMakeTmp

Run Build Command:"/usr/bin/make" "cmTC_965c5/fast"
/usr/bin/make -f CMakeFiles/cmTC_965c5.dir/build.make CMakeFiles/cmTC_965c5.dir/build
make[1]: Entering directory '/home/alphaics/catkin_ws/build_isolated/beginner_tutorials/CMakeFiles/CMakeTmp'
Building C object CMakeFiles/cmTC_965c5.dir/CheckSymbolExists.c.o
/usr/bin/cc    -o CMakeFiles/cmTC_965c5.dir/CheckSymbolExists.c.o   -c /home/alphaics/catkin_ws/build_isolated/beginner_tutorials/CMakeFiles/CMakeTmp/CheckSymbolExists.c
Linking C executable cmTC_965c5
/usr/bin/cmake -E cmake_link_script CMakeFiles/cmTC_965c5.dir/link.txt --verbose=1
/usr/bin/cc      -rdynamic CMakeFiles/cmTC_965c5.dir/CheckSymbolExists.c.o  -o cmTC_965c5 
CMakeFiles/cmTC_965c5.dir/CheckSymbolExists.c.o: In function `main':
CheckSymbolExists.c:(.text+0x1b): undefined reference to `pthread_create'
collect2: error: ld returned 1 exit status
CMakeFiles/cmTC_965c5.dir/build.make:97: recipe for target 'cmTC_965c5' failed
make[1]: *** [cmTC_965c5] Error 1
make[1]: Leaving directory '/home/alphaics/catkin_ws/build_isolated/beginner_tutorials/CMakeFiles/CMakeTmp'
Makefile:126: recipe for target 'cmTC_965c5/fast' failed
make: *** [cmTC_965c5/fast] Error 2

File /home/alphaics/catkin_ws/build_isolated/beginner_tutorials/CMakeFiles/CMakeTmp/CheckSymbolExists.c:
/* */
#include <pthread.h>

int main(int argc, char** argv)
{
  (void)argv;
#ifndef pthread_create
  return ((int*)(&pthread_create))[argc];
#else
  (void)argc;
  return 0;
#endif
}

Determining if the function pthread_create exists in the pthreads failed with the following output:
Change Dir: /home/alphaics/catkin_ws/build_isolated/beginner_tutorials/CMakeFiles/CMakeTmp

Run Build Command:"/usr/bin/make" "cmTC_1cc31/fast"
/usr/bin/make -f CMakeFiles/cmTC_1cc31.dir/build.make CMakeFiles/cmTC_1cc31.dir/build
make[1]: Entering directory '/home/alphaics/catkin_ws/build_isolated/beginner_tutorials/CMakeFiles/CMakeTmp'
Building C object CMakeFiles/cmTC_1cc31.dir/CheckFunctionExists.c.o
/usr/bin/cc   -DCHECK_FUNCTION_EXISTS=pthread_create   -o CMakeFiles/cmTC_1cc31.dir/CheckFunctionExists.c.o   -c /usr/share/cmake-3.10/Modules/CheckFunctionExists.c
Linking C executable cmTC_1cc31
/usr/bin/cmake -E cmake_link_script CMakeFiles/cmTC_1cc31.dir/link.txt --verbose=1
/usr/bin/cc  -DCHECK_FUNCTION_EXISTS=pthread_create    -rdynamic CMakeFiles/cmTC_1cc31.dir/CheckFunctionExists.c.o  -o cmTC_1cc31 -lpthreads 
/usr/bin/ld: cannot find -lpthreads
collect2: error: ld returned 1 exit status
CMakeFiles/cmTC_1cc31.dir/build.make:97: recipe for target 'cmTC_1cc31' failed
make[1]: *** [cmTC_1cc31] Error 1
make[1]: Leaving directory '/home/alphaics/catkin_ws/build_isolated/beginner_tutorials/CMakeFiles/CMakeTmp'
Makefile:126: recipe for target 'cmTC_1cc31/fast' failed
make: *** [cmTC_1cc31/fast] Error 2


